<?xml version="1.0" encoding="utf-8"?><testsuites name="pytest tests"><testsuite name="pytest" errors="0" failures="0" skipped="0" tests="9" time="30.464" timestamp="2026-07-24T21:11:12.927950+00:00" hostname="agent-env-013c854c-63a2-4b0f-a9c0-b6f271a30c58"><testcase classname="backend.tests.test_leads_blog_regression.TestHealth" name="test_health_check" time="0.164" /><testcase classname="backend.tests.test_leads_blog_regression.TestLeads" name="test_create_lead_audit_offer_success" time="19.699" /><testcase classname="backend.tests.test_leads_blog_regression.TestLeads" name="test_create_lead_persists_and_appears_in_list" time="6.965" /><testcase classname="backend.tests.test_leads_blog_regression.TestLeads" name="test_leads_count_endpoint" time="0.147" /><testcase classname="backend.tests.test_leads_blog_regression.TestLeads" name="test_create_lead_missing_required_field_returns_422" time="0.095" /><testcase classname="backend.tests.test_leads_blog_regression.TestLeads" name="test_create_lead_scorecard_source" time="3.008" /><testcase classname="backend.tests.test_leads_blog_regression.TestBlog" name="test_get_all_blog_posts" time="0.105" /><testcase classname="backend.tests.test_leads_blog_regression.TestBlog" name="test_get_specific_blog_post_content_has_markdown" time="0.122" /><testcase classname="backend.tests.test_leads_blog_regression.TestBlog" name="test_get_nonexistent_blog_post_returns_404" time="0.092" /></testsuite></testsuites>