<?xml version="1.0" encoding="utf-8"?><testsuites name="pytest tests"><testsuite name="pytest" errors="0" failures="0" skipped="0" tests="4" time="4.501" timestamp="2026-08-04T17:20:21.828581+00:00" hostname="agent-env-013c854c-63a2-4b0f-a9c0-b6f271a30c58"><testcase classname="backend.tests.test_reports_email.TestEmailReportValidation" name="test_invalid_email_format_rejected" time="0.367" /><testcase classname="backend.tests.test_reports_email.TestEmailReportValidation" name="test_missing_pdf_base64_rejected" time="0.157" /><testcase classname="backend.tests.test_reports_email.TestEmailReportSendAndRateLimit" name="test_valid_email_report_send_success" time="3.537" /><testcase classname="backend.tests.test_reports_email.TestEmailReportSendAndRateLimit" name="test_shared_rate_limit_exhausts_and_blocks_both_endpoints" time="0.380" /></testsuite></testsuites>