<?xml version="1.0" encoding="utf-8"?><testsuites name="pytest tests"><testsuite name="pytest" errors="0" failures="0" skipped="0" tests="8" time="3.624" timestamp="2026-07-27T18:34:52.290468+00:00" hostname="agent-env-013c854c-63a2-4b0f-a9c0-b6f271a30c58"><testcase classname="backend.tests.test_security_audit.TestStatusEndpointRemoved" name="test_get_status_404" time="0.259" /><testcase classname="backend.tests.test_security_audit.TestStatusEndpointRemoved" name="test_post_status_404" time="0.132" /><testcase classname="backend.tests.test_security_audit.TestAdminKeyRegression" name="test_get_leads_no_key_401" time="0.206" /><testcase classname="backend.tests.test_security_audit.TestAdminKeyRegression" name="test_get_leads_wrong_key_401" time="0.143" /><testcase classname="backend.tests.test_security_audit.TestAdminKeyRegression" name="test_get_leads_correct_key_200" time="0.151" /><testcase classname="backend.tests.test_security_audit.TestAdminKeyRegression" name="test_get_leads_count_correct_key_200" time="0.113" /><testcase classname="backend.tests.test_security_audit.TestHtmlEscaping" name="test_lead_with_html_injection_saved_raw_and_escaped_in_email_body" time="0.157" /><testcase classname="backend.tests.test_security_audit.TestRateLimiting" name="test_five_requests_ok_sixth_429" time="2.284" /></testsuite></testsuites>