<?xml version="1.0" encoding="utf-8"?><testsuites name="pytest tests"><testsuite name="pytest" errors="0" failures="0" skipped="0" tests="54" time="13.108" timestamp="2026-08-05T16:52:50.974178+00:00" hostname="agent-env-013c854c-63a2-4b0f-a9c0-b6f271a30c58"><testcase classname="backend.tests.test_blog_content_migration.TestBlogListing" name="test_get_blog_list_status_and_shape" time="0.154" /><testcase classname="backend.tests.test_blog_content_migration.TestBlogListing" name="test_list_excludes_content_field" time="0.077" /><testcase classname="backend.tests.test_blog_content_migration.TestBlogListing" name="test_all_slugs_unique" time="0.072" /><testcase classname="backend.tests.test_blog_content_migration.TestBlogListing" name="test_no_mongo_objectid_leak" time="0.070" /><testcase classname="backend.tests.test_blog_content_migration.TestBlogDetailMigratedPosts" name="test_migrated_post_has_full_content[outdated-technology-is-costing-your-organization-money]" time="0.061" /><testcase classname="backend.tests.test_blog_content_migration.TestBlogDetailMigratedPosts" name="test_migrated_post_has_full_content[is-your-business-training-ai-how-to-hack-you]" time="0.065" /><testcase classname="backend.tests.test_blog_content_migration.TestBlogDetailMigratedPosts" name="test_migrated_post_has_full_content[shadow-it-how-employees-using-unauthorized-apps-could-be-putting-your-business-at-risk]" time="0.060" /><testcase classname="backend.tests.test_blog_content_migration.TestBlogDetailMigratedPosts" name="test_migrated_post_has_full_content[2025-cybersecurity-predictions-what-to-expect-and-how-to-prepare]" time="0.059" /><testcase classname="backend.tests.test_blog_content_migration.TestBlogDetailMigratedPosts" name="test_migrated_post_content_not_excerpt_fallback" time="0.058" /><testcase classname="backend.tests.test_blog_content_migration.TestBlogDetailRegression" name="test_previously_completed_post_still_renders" time="0.060" /><testcase classname="backend.tests.test_blog_content_migration.TestBlogDetailRegression" name="test_original_hardcoded_post_still_works" time="0.066" /><testcase classname="backend.tests.test_blog_content_migration.TestBlogDetailRegression" name="test_nonexistent_slug_returns_404" time="0.058" /><testcase classname="backend.tests.test_blog_content_migration.TestSmokeRegression" name="test_health_check" time="0.056" /><testcase classname="backend.tests.test_blog_content_migration.TestSmokeRegression" name="test_root_endpoint" time="0.058" /><testcase classname="backend.tests.test_blog_content_migration.TestSmokeRegression" name="test_lead_capture_post" time="0.061" /><testcase classname="backend.tests.test_leads_admin_security.TestLeadsAdminAuth" name="test_get_leads_no_header_401" time="0.123" /><testcase classname="backend.tests.test_leads_admin_security.TestLeadsAdminAuth" name="test_get_leads_wrong_key_401" time="0.122" /><testcase classname="backend.tests.test_leads_admin_security.TestLeadsAdminAuth" name="test_get_leads_correct_key_200" time="0.130" /><testcase classname="backend.tests.test_leads_admin_security.TestLeadsAdminAuth" name="test_get_leads_count_no_header_401" time="0.143" /><testcase classname="backend.tests.test_leads_admin_security.TestLeadsAdminAuth" name="test_get_leads_count_wrong_key_401" time="0.120" /><testcase classname="backend.tests.test_leads_admin_security.TestLeadsAdminAuth" name="test_get_leads_count_correct_key_200" time="0.129" /><testcase classname="backend.tests.test_leads_admin_security.TestLeadCapturePublic" name="test_post_leads_no_auth_required_200" time="0.124" /><testcase classname="backend.tests.test_leads_admin_security.TestLeadCapturePublic" name="test_post_leads_response_time_fast" time="0.122" /><testcase classname="backend.tests.test_leads_admin_security.TestLeadCapturePublic" name="test_lead_persisted_and_retrievable_with_admin_key" time="0.183" /><testcase classname="backend.tests.test_leads_blog_regression.TestHealth" name="test_health_check" time="0.128" /><testcase classname="backend.tests.test_leads_blog_regression.TestLeads" name="test_create_lead_audit_offer_success" time="0.132" /><testcase classname="backend.tests.test_leads_blog_regression.TestLeads" name="test_create_lead_persists_and_appears_in_list" time="0.174" /><testcase classname="backend.tests.test_leads_blog_regression.TestLeads" name="test_leads_count_endpoint" time="0.114" /><testcase classname="backend.tests.test_leads_blog_regression.TestLeads" name="test_create_lead_missing_required_field_returns_422" time="0.110" /><testcase classname="backend.tests.test_leads_blog_regression.TestLeads" name="test_create_lead_scorecard_source" time="0.124" /><testcase classname="backend.tests.test_leads_blog_regression.TestBlog" name="test_get_all_blog_posts" time="0.132" /><testcase classname="backend.tests.test_leads_blog_regression.TestBlog" name="test_get_specific_blog_post_content_has_markdown" time="0.119" /><testcase classname="backend.tests.test_leads_blog_regression.TestBlog" name="test_get_nonexistent_blog_post_returns_404" time="0.125" /><testcase classname="backend.tests.test_reports_email.TestEmailReportValidation" name="test_invalid_email_format_rejected" time="0.111" /><testcase classname="backend.tests.test_reports_email.TestEmailReportValidation" name="test_missing_pdf_base64_rejected" time="0.114" /><testcase classname="backend.tests.test_reports_email.TestEmailReportValidation" name="test_non_pdf_attachment_rejected" time="0.132" /><testcase classname="backend.tests.test_reports_email.TestEmailReportSendAndRateLimit" name="test_valid_email_report_send_success" time="2.561" /><testcase classname="backend.tests.test_reports_email.TestEmailReportSendAndRateLimit" name="test_leads_rate_limit_does_not_block_reports_email" time="2.635" /><testcase classname="backend.tests.test_reports_email.TestEmailReportSendAndRateLimit" name="test_reports_email_has_its_own_independent_rate_limit" time="0.140" /><testcase classname="backend.tests.test_security_audit.TestStatusEndpointRemoved" name="test_get_status_404" time="0.131" /><testcase classname="backend.tests.test_security_audit.TestStatusEndpointRemoved" name="test_post_status_404" time="0.110" /><testcase classname="backend.tests.test_security_audit.TestAdminKeyRegression" name="test_get_leads_no_key_401" time="0.110" /><testcase classname="backend.tests.test_security_audit.TestAdminKeyRegression" name="test_get_leads_wrong_key_401" time="0.131" /><testcase classname="backend.tests.test_security_audit.TestAdminKeyRegression" name="test_get_leads_correct_key_200" time="0.117" /><testcase classname="backend.tests.test_security_audit.TestAdminKeyRegression" name="test_get_leads_count_correct_key_200" time="0.135" /><testcase classname="backend.tests.test_security_audit.TestHtmlEscaping" name="test_lead_with_html_injection_saved_raw_and_escaped_in_email_body" time="0.112" /><testcase classname="backend.tests.test_security_audit.TestRateLimiting" name="test_five_requests_ok_sixth_429" time="2.217" /><testcase classname="backend.tests.test_stats_and_blog.TestAssessmentsCompletedStat" name="test_endpoint_returns_200_no_auth" time="0.142" /><testcase classname="backend.tests.test_stats_and_blog.TestAssessmentsCompletedStat" name="test_count_is_non_negative" time="0.121" /><testcase classname="backend.tests.test_stats_and_blog.TestLeadsAuthRegression" name="test_leads_requires_admin_key" time="0.118" /><testcase classname="backend.tests.test_stats_and_blog.TestLeadsAuthRegression" name="test_leads_count_requires_admin_key" time="0.112" /><testcase classname="backend.tests.test_stats_and_blog.TestBlogPosts" name="test_soc2_post_exists_with_plain_terms" time="0.122" /><testcase classname="backend.tests.test_stats_and_blog.TestBlogPosts" name="test_cmmc_post_exists_with_plain_terms" time="0.115" /><testcase classname="backend.tests.test_stats_and_blog.TestBlogPosts" name="test_ai_automation_post_exists" time="0.116" /></testsuite></testsuites>