<?xml version="1.0" encoding="utf-8"?><testsuites name="pytest tests"><testsuite name="pytest" errors="0" failures="0" skipped="0" tests="12" time="1.110" timestamp="2026-08-05T19:21:04.162991+00:00" hostname="agent-env-013c854c-63a2-4b0f-a9c0-b6f271a30c58"><testcase classname="backend.tests.test_phase2_blog_resources.TestBlogList" name="test_status_ok" time="0.431" /><testcase classname="backend.tests.test_phase2_blog_resources.TestBlogList" name="test_no_duplicate_slugs" time="0.000" /><testcase classname="backend.tests.test_phase2_blog_resources.TestBlogList" name="test_all_5_new_slugs_present" time="0.000" /><testcase classname="backend.tests.test_phase2_blog_resources.TestBlogList" name="test_content_field_excluded_from_list" time="0.000" /><testcase classname="backend.tests.test_phase2_blog_resources.TestBlogDetail" name="test_managed_it_pricing_guide" time="0.074" /><testcase classname="backend.tests.test_phase2_blog_resources.TestBlogDetail" name="test_copilot_vs_chatgpt" time="0.071" /><testcase classname="backend.tests.test_phase2_blog_resources.TestBlogDetail" name="test_all_new_posts_return_200_with_required_fields[managed-it-pricing-guide-minnesota-businesses]" time="0.078" /><testcase classname="backend.tests.test_phase2_blog_resources.TestBlogDetail" name="test_all_new_posts_return_200_with_required_fields[msp-vs-break-fix-it-support]" time="0.086" /><testcase classname="backend.tests.test_phase2_blog_resources.TestBlogDetail" name="test_all_new_posts_return_200_with_required_fields[internal-it-vs-managed-service-provider]" time="0.081" /><testcase classname="backend.tests.test_phase2_blog_resources.TestBlogDetail" name="test_all_new_posts_return_200_with_required_fields[co-managed-it-vs-fully-managed-it]" time="0.071" /><testcase classname="backend.tests.test_phase2_blog_resources.TestBlogDetail" name="test_all_new_posts_return_200_with_required_fields[microsoft-copilot-vs-chatgpt-for-business]" time="0.086" /><testcase classname="backend.tests.test_phase2_blog_resources.TestBlogDetail" name="test_nonexistent_slug_404" time="0.071" /></testsuite></testsuites>