<?xml version="1.0" encoding="utf-8"?><testsuites name="pytest tests"><testsuite name="pytest" errors="0" failures="0" skipped="0" tests="9" time="1.763" timestamp="2026-07-27T18:06:53.363290+00:00" hostname="agent-env-013c854c-63a2-4b0f-a9c0-b6f271a30c58"><testcase classname="backend.tests.test_leads_admin_security.TestLeadsAdminAuth" name="test_get_leads_no_header_401" time="0.292" /><testcase classname="backend.tests.test_leads_admin_security.TestLeadsAdminAuth" name="test_get_leads_wrong_key_401" time="0.197" /><testcase classname="backend.tests.test_leads_admin_security.TestLeadsAdminAuth" name="test_get_leads_correct_key_200" time="0.114" /><testcase classname="backend.tests.test_leads_admin_security.TestLeadsAdminAuth" name="test_get_leads_count_no_header_401" time="0.234" /><testcase classname="backend.tests.test_leads_admin_security.TestLeadsAdminAuth" name="test_get_leads_count_wrong_key_401" time="0.216" /><testcase classname="backend.tests.test_leads_admin_security.TestLeadsAdminAuth" name="test_get_leads_count_correct_key_200" time="0.195" /><testcase classname="backend.tests.test_leads_admin_security.TestLeadCapturePublic" name="test_post_leads_no_auth_required_200" time="0.117" /><testcase classname="backend.tests.test_leads_admin_security.TestLeadCapturePublic" name="test_post_leads_response_time_fast" time="0.104" /><testcase classname="backend.tests.test_leads_admin_security.TestLeadCapturePublic" name="test_lead_persisted_and_retrievable_with_admin_key" time="0.222" /></testsuite></testsuites>