<?xml version="1.0" encoding="utf-8"?><testsuites name="pytest tests"><testsuite name="pytest" errors="0" failures="0" skipped="0" tests="7" time="1.406" timestamp="2026-08-04T16:06:29.594931+00:00" hostname="agent-env-013c854c-63a2-4b0f-a9c0-b6f271a30c58"><testcase classname="tests.test_stats_and_blog.TestAssessmentsCompletedStat" name="test_endpoint_returns_200_no_auth" time="0.253" /><testcase classname="tests.test_stats_and_blog.TestAssessmentsCompletedStat" name="test_count_is_non_negative" time="0.162" /><testcase classname="tests.test_stats_and_blog.TestLeadsAuthRegression" name="test_leads_requires_admin_key" time="0.151" /><testcase classname="tests.test_stats_and_blog.TestLeadsAuthRegression" name="test_leads_count_requires_admin_key" time="0.157" /><testcase classname="tests.test_stats_and_blog.TestBlogPosts" name="test_soc2_post_exists_with_plain_terms" time="0.257" /><testcase classname="tests.test_stats_and_blog.TestBlogPosts" name="test_cmmc_post_exists_with_plain_terms" time="0.220" /><testcase classname="tests.test_stats_and_blog.TestBlogPosts" name="test_ai_automation_post_exists" time="0.150" /></testsuite></testsuites>