<?xml version="1.0" encoding="utf-8"?><testsuites name="pytest tests"><testsuite name="pytest" errors="0" failures="0" skipped="0" tests="9" time="5.468" timestamp="2026-07-24T20:54:19.294500+00:00" hostname="agent-env-013c854c-63a2-4b0f-a9c0-b6f271a30c58"><testcase classname="backend.tests.test_leads_blog_regression.TestHealth" name="test_health_check" time="0.291" /><testcase classname="backend.tests.test_leads_blog_regression.TestLeads" name="test_create_lead_audit_offer_success" time="1.813" /><testcase classname="backend.tests.test_leads_blog_regression.TestLeads" name="test_create_lead_persists_and_appears_in_list" time="1.777" /><testcase classname="backend.tests.test_leads_blog_regression.TestLeads" name="test_leads_count_endpoint" time="0.119" /><testcase classname="backend.tests.test_leads_blog_regression.TestLeads" name="test_create_lead_missing_required_field_returns_422" time="0.102" /><testcase classname="backend.tests.test_leads_blog_regression.TestLeads" name="test_create_lead_scorecard_source" time="0.919" /><testcase classname="backend.tests.test_leads_blog_regression.TestBlog" name="test_get_all_blog_posts" time="0.127" /><testcase classname="backend.tests.test_leads_blog_regression.TestBlog" name="test_get_specific_blog_post_content_has_markdown" time="0.105" /><testcase classname="backend.tests.test_leads_blog_regression.TestBlog" name="test_get_nonexistent_blog_post_returns_404" time="0.146" /></testsuite></testsuites>