<?xml version="1.0" encoding="utf-8"?><testsuites name="pytest tests"><testsuite name="pytest" errors="0" failures="0" skipped="0" tests="6" time="5.754" timestamp="2026-08-05T16:52:37.427093+00:00" hostname="agent-env-013c854c-63a2-4b0f-a9c0-b6f271a30c58"><testcase classname="backend.tests.test_reports_email.TestEmailReportValidation" name="test_invalid_email_format_rejected" time="0.190" /><testcase classname="backend.tests.test_reports_email.TestEmailReportValidation" name="test_missing_pdf_base64_rejected" time="0.125" /><testcase classname="backend.tests.test_reports_email.TestEmailReportValidation" name="test_non_pdf_attachment_rejected" time="0.138" /><testcase classname="backend.tests.test_reports_email.TestEmailReportSendAndRateLimit" name="test_valid_email_report_send_success" time="1.620" /><testcase classname="backend.tests.test_reports_email.TestEmailReportSendAndRateLimit" name="test_leads_rate_limit_does_not_block_reports_email" time="3.461" /><testcase classname="backend.tests.test_reports_email.TestEmailReportSendAndRateLimit" name="test_reports_email_has_its_own_independent_rate_limit" time="0.158" /></testsuite></testsuites>